TN:
SF:src/app.ts
FN:21,(anonymous_5)
FN:35,(anonymous_6)
FN:41,(anonymous_7)
FN:45,(anonymous_8)
FN:49,(anonymous_9)
FN:58,(anonymous_10)
FNF:6
FNH:6
FNDA:1,(anonymous_5)
FNDA:1,(anonymous_6)
FNDA:1,(anonymous_7)
FNDA:1,(anonymous_8)
FNDA:1,(anonymous_9)
FNDA:1,(anonymous_10)
DA:1,1
DA:5,1
DA:6,1
DA:7,1
DA:8,1
DA:11,1
DA:12,1
DA:13,1
DA:16,1
DA:22,1
DA:23,1
DA:24,1
DA:25,1
DA:26,1
DA:28,1
DA:29,1
DA:30,1
DA:31,1
DA:32,1
DA:36,1
DA:37,1
DA:38,1
DA:42,1
DA:46,1
DA:50,1
DA:51,1
DA:52,1
DA:53,1
DA:54,1
DA:55,1
DA:59,1
LF:31
LH:31
BRF:0
BRH:0
end_of_record
TN:
SF:src/main.ts
FN:23,(anonymous_0)
FN:34,bootstrap
FNF:2
FNH:2
FNDA:1,(anonymous_0)
FNDA:1,bootstrap
DA:1,1
DA:2,1
DA:3,1
DA:4,1
DA:5,1
DA:7,1
DA:11,1
DA:13,1
DA:14,1
DA:15,1
DA:23,1
DA:24,1
DA:25,1
DA:26,1
DA:27,1
DA:28,1
DA:29,1
DA:30,1
DA:31,1
DA:35,1
DA:36,1
DA:37,1
DA:38,1
DA:40,1
DA:43,1
LF:25
LH:25
BRF:0
BRH:0
end_of_record
TN:
SF:src/types.ts
FNF:0
FNH:0
DA:1,1
DA:3,1
LF:2
LH:2
BRF:0
BRH:0
end_of_record
TN:
SF:src/common/auth.guard.ts
FN:5,(anonymous_0)
FNF:1
FNH:1
FNDA:2,(anonymous_0)
DA:4,1
DA:6,2
DA:7,1
DA:9,1
LF:4
LH:4
BRDA:6,0,0,1
BRF:1
BRH:1
end_of_record
TN:
SF:src/common/auth.middleware.ts
FN:6,(anonymous_0)
FN:7,(anonymous_1)
FN:10,(anonymous_2)
FNF:3
FNH:3
FNDA:1,(anonymous_0)
FNDA:6,(anonymous_1)
FNDA:2,(anonymous_2)
DA:1,1
DA:5,1
DA:6,1
DA:8,6
DA:9,2
DA:10,2
DA:11,2
DA:12,1
DA:13,1
DA:14,1
DA:15,1
DA:19,4
LF:12
LH:12
BRDA:8,0,0,2
BRDA:8,0,1,4
BRDA:11,1,0,1
BRDA:11,1,1,1
BRDA:13,2,0,1
BRF:5
BRH:5
end_of_record
TN:
SF:src/common/base.controller.ts
FN:11,(anonymous_2)
FN:15,(anonymous_3)
FN:19,(anonymous_4)
FN:23,(anonymous_5)
FN:28,(anonymous_6)
FN:32,(anonymous_7)
FN:35,(anonymous_8)
FNF:7
FNH:6
FNDA:1,(anonymous_2)
FNDA:4,(anonymous_3)
FNDA:0,(anonymous_4)
FNDA:3,(anonymous_5)
FNDA:3,(anonymous_6)
FNDA:1,(anonymous_7)
FNDA:3,(anonymous_8)
DA:1,1
DA:4,1
DA:5,1
DA:8,1
DA:11,1
DA:12,1
DA:16,4
DA:20,0
DA:24,3
DA:25,3
DA:29,3
DA:33,1
DA:34,3
DA:35,3
DA:36,3
DA:37,3
DA:38,3
LF:17
LH:16
BRDA:37,0,0,3
BRDA:37,0,1,0
BRF:2
BRH:1
end_of_record
TN:
SF:src/common/validate.middleware.ts
FN:7,(anonymous_0)
FN:9,(anonymous_1)
FN:11,(anonymous_2)
FNF:3
FNH:3
FNDA:2,(anonymous_0)
FNDA:4,(anonymous_1)
FNDA:4,(anonymous_2)
DA:3,1
DA:4,1
DA:6,1
DA:7,2
DA:10,4
DA:11,4
DA:12,4
DA:13,1
DA:15,3
LF:9
LH:9
BRDA:12,0,0,1
BRDA:12,0,1,3
BRF:2
BRH:2
end_of_record
TN:
SF:src/config/config.service.ts
FN:11,(anonymous_4)
FN:22,(anonymous_5)
FNF:2
FNH:2
FNDA:1,(anonymous_4)
FNDA:3,(anonymous_5)
DA:1,1
DA:3,1
DA:5,1
DA:8,1
DA:11,1
DA:12,1
DA:14,1
DA:15,0
DA:17,1
DA:18,1
DA:23,3
LF:11
LH:10
BRDA:14,0,0,0
BRDA:14,0,1,1
BRF:2
BRH:1
end_of_record
TN:
SF:src/database/prisma.service.ts
FN:10,(anonymous_4)
FN:14,(anonymous_5)
FN:25,(anonymous_6)
FNF:3
FNH:2
FNDA:1,(anonymous_4)
FNDA:1,(anonymous_5)
FNDA:0,(anonymous_6)
DA:1,1
DA:2,1
DA:4,1
DA:7,1
DA:10,1
DA:11,1
DA:15,1
DA:16,1
DA:17,1
DA:19,0
DA:20,0
DA:26,0
LF:12
LH:9
BRDA:19,0,0,0
BRF:1
BRH:0
end_of_record
TN:
SF:src/errors/exeption.fiter.ts
FN:11,(anonymous_4)
FN:13,(anonymous_5)
FNF:2
FNH:2
FNDA:1,(anonymous_4)
FNDA:1,(anonymous_5)
DA:3,1
DA:4,1
DA:6,1
DA:7,1
DA:10,1
DA:11,1
DA:14,1
DA:15,1
DA:16,1
DA:18,0
DA:19,0
LF:11
LH:9
BRDA:14,0,0,1
BRDA:14,0,1,0
BRF:2
BRH:1
end_of_record
TN:
SF:src/errors/http-error.class.ts
FN:5,(anonymous_0)
FNF:1
FNH:1
FNDA:1,(anonymous_0)
DA:1,1
DA:6,1
DA:7,1
DA:8,1
DA:9,1
LF:5
LH:5
BRF:0
BRH:0
end_of_record
TN:
SF:src/logger/logger.service.ts
FN:10,(anonymous_2)
FN:19,(anonymous_3)
FN:23,(anonymous_4)
FN:27,(anonymous_5)
FNF:4
FNH:3
FNDA:1,(anonymous_2)
FNDA:6,(anonymous_3)
FNDA:1,(anonymous_4)
FNDA:0,(anonymous_5)
DA:1,1
DA:3,1
DA:4,1
DA:7,1
DA:11,1
DA:20,6
DA:24,1
DA:28,0
LF:8
LH:7
BRF:0
BRH:0
end_of_record
TN:
SF:src/users/user.controller.ts
FN:19,(anonymous_4)
FN:47,(anonymous_5)
FN:60,(anonymous_6)
FN:74,(anonymous_7)
FN:79,(anonymous_8)
FN:80,(anonymous_9)
FN:87,(anonymous_10)
FNF:7
FNH:6
FNDA:1,(anonymous_4)
FNDA:3,(anonymous_5)
FNDA:0,(anonymous_6)
FNDA:1,(anonymous_7)
FNDA:2,(anonymous_8)
FNDA:2,(anonymous_9)
FNDA:2,(anonymous_10)
DA:2,1
DA:3,1
DA:4,1
DA:5,1
DA:6,1
DA:9,1
DA:10,1
DA:11,1
DA:12,1
DA:15,1
DA:18,1
DA:20,1
DA:21,1
DA:22,1
DA:24,1
DA:25,1
DA:52,3
DA:53,3
DA:54,1
DA:56,2
DA:57,2
DA:65,0
DA:67,0
DA:68,0
DA:71,0
DA:75,1
DA:76,1
DA:80,2
DA:81,2
DA:88,2
DA:89,0
DA:91,2
LF:32
LH:27
BRDA:53,0,0,1
BRDA:67,1,0,0
BRDA:88,2,0,0
BRF:3
BRH:1
end_of_record
TN:
SF:src/users/user.entity.ts
FN:6,(anonymous_0)
FN:16,(anonymous_1)
FN:20,(anonymous_2)
FN:24,(anonymous_3)
FN:28,(anonymous_4)
FN:32,(anonymous_5)
FNF:6
FNH:2
FNDA:3,(anonymous_0)
FNDA:0,(anonymous_1)
FNDA:0,(anonymous_2)
FNDA:0,(anonymous_3)
FNDA:0,(anonymous_4)
FNDA:3,(anonymous_5)
DA:1,1
DA:3,1
DA:7,3
DA:8,3
DA:11,3
DA:12,3
DA:17,0
DA:21,0
DA:25,0
DA:29,0
DA:33,3
LF:11
LH:7
BRDA:11,0,0,3
BRF:1
BRH:1
end_of_record
TN:
SF:src/users/user.service.ts
FN:13,(anonymous_4)
FN:17,(anonymous_5)
FN:30,(anonymous_6)
FN:40,(anonymous_7)
FNF:4
FNH:3
FNDA:1,(anonymous_4)
FNDA:0,(anonymous_5)
FNDA:3,(anonymous_6)
FNDA:1,(anonymous_7)
DA:1,1
DA:4,1
DA:6,1
DA:12,1
DA:14,1
DA:15,1
DA:18,0
DA:19,0
DA:20,0
DA:21,0
DA:23,0
DA:24,0
DA:27,0
DA:31,3
DA:32,3
DA:33,0
DA:36,3
DA:37,3
DA:41,1
LF:19
LH:11
BRDA:23,0,0,0
BRDA:32,1,0,0
BRF:2
BRH:0
end_of_record
TN:
SF:src/users/users.repository.ts
FN:10,(anonymous_4)
FN:11,(anonymous_5)
FN:21,(anonymous_6)
FNF:3
FNH:2
FNDA:1,(anonymous_4)
FNDA:0,(anonymous_5)
FNDA:4,(anonymous_6)
DA:4,1
DA:5,1
DA:6,1
DA:9,1
DA:10,1
DA:12,0
DA:22,4
LF:7
LH:6
BRF:0
BRH:0
end_of_record
TN:
SF:src/users/dto/user-login.dto.ts
FNF:0
FNH:0
DA:1,1
DA:3,1
DA:5,1
DA:8,1
LF:4
LH:4
BRF:0
BRH:0
end_of_record
TN:
SF:src/users/dto/user-register.dto.ts
FNF:0
FNH:0
DA:1,1
DA:3,1
DA:5,1
DA:8,1
DA:11,1
LF:5
LH:5
BRF:0
BRH:0
end_of_record
